========================================================================
  GOLD 1H BACKTEST v2  —  Improvements over v1:
  [1] 1H interval  -> full year of data (730 days available)
  [2] EMA200 trend filter -> no counter-trend trades
  [3] Session filter 08:00-21:00 UTC -> liquid hours only
  [4] R:R 2.0 (was 1.5) -> break-even drops from 40% to 33%
  [5] RSI thresholds 35/65 (was 40/60) -> cleaner entries
  [6] Max 2 consecutive losses/day -> drawdown protection
  [7] BB width percentile filter (< 25.0th pct blocked)
  [8] Spread/slippage model (2.5 pips / $0.25)
  [9] Daily-equity-curve Sharpe (replaces per-trade Sharpe)
  [10] Walk-forward split 70/30 train/val
  [11] ADX(14) filter: EMA_MACD_TREND_SELL needs ADX >= 25
  [12] BB_RSI lower confluence threshold (2/5)
  [13] Monthly drawdown brake (halve lot when month P&L < -$150)
  [BE] Breakeven move at +1.0R -> SL to entry +/- $0.50
  [HTF] 4H bias filter: BUY needs BULL, SELL needs BEAR (EMA50, 5-bar slope)
  Period: 2y (725 days)
========================================================================

Downloading GC=F 1H data (725 days)...
Bars: 11,171  |  2024-06-05 to 2026-05-29

Computing indicators...
Fetching HTF[4h] bars for bias computation...
HTF bias distribution: BULL=2211 (59%) BEAR=1199 (32%) NEUTRAL=293 (7%)  N=3703
Running bar-by-bar simulation...

  WARNING: ambiguous bar 2025-09-17 18:00 trade#70 — both SL (3697.75) and TP (3736.68) touched. Assuming SL exit (conservative).
Filter breakdown:
  volatile    : 165 bars skipped
  session     : 3,269 bars skipped
  daily       : 0 bars skipped
  rr          : 0 bars skipped
  trend       : 1,586 bars skipped
  consec      : 0 bars skipped
  bb_width    : 1,242 bars skipped
  adx         : 1,316 bars skipped
  ambiguous   : 1 bars — both SL+TP hit, SL assumed
  be_moves    : 72 SL relocations to breakeven

========================================================================
  GOLD 1H BACKTEST v2 RESULTS
  Data  : 2024-06-05  to  2026-05-29
  R:R   : 2.0  |  Break-even win rate: 33.3%
  Filters: EMA200 trend | Session 8:00-21:00 UTC | RSI 35/65
========================================================================
                    v1 (15m, 55d)    v2 (1H, 1yr)
------------------  ---------------  ---------------
Total trades        181              106
Win rate            39.8%            67.0%
Gross P&L           $-235.93         $+7,747.58
Spread/slip cost    —                $240.65
Net P&L             —                $+7,506.93
Avg win             —                $168.56
Avg loss            —                $134.01
Profit factor       0.97             2.63
Max drawdown        18.9%            5.1%
Sharpe (daily eq.)  -0.99            2.83
Final equity        —                $17,506.93
Ambiguous bars      n/a              1 <- SL assumed

========================================================================
  DIRECTION BREAKDOWN
========================================================================
Dir      Trades    Wins  Win%    P&L
-----  --------  ------  ------  ----------
BUY         106      71  67%     $+7,506.93

========================================================================
  PATTERN BREAKDOWN
========================================================================
Pattern                Trades    Wins  Win%    Avg P&L    Total P&L
-------------------  --------  ------  ------  ---------  -----------  --
EMA_MACD_TREND_BUY         78      53  68%     $+66.18    $+5,161.75
BB_RSI_REVERSAL_BUY        27      18  67%     $+89.19    $+2,408.03
EMA_TREND_BUY               1       0  0%      $-62.85    $-62.85

========================================================================
  MONTHLY P&L
========================================================================
Month    P&L
-------  ----------  ----------------------------------------
2024-06  $-108.72    -------
2024-07  $+488.84    ++++++++++++++++++++++++++++++++
2024-08  $+288.34    +++++++++++++++++++
2024-09  $+207.75    +++++++++++++
2024-10  $+183.05    ++++++++++++
2024-11  $+325.42    +++++++++++++++++++++
2024-12  $-199.44    -------------
2025-01  $-213.10    --------------
2025-02  $+265.91    +++++++++++++++++
2025-03  $+695.84    ++++++++++++++++++++++++++++++++++++++++
2025-04  $+643.42    ++++++++++++++++++++++++++++++++++++++++
2025-05  $+260.16    +++++++++++++++++
2025-06  $+144.60    +++++++++
2025-07  $+228.38    +++++++++++++++
2025-08  $+508.00    +++++++++++++++++++++++++++++++++
2025-09  $+1,444.11  ++++++++++++++++++++++++++++++++++++++++
2025-10  $+1,665.34  ++++++++++++++++++++++++++++++++++++++++
2025-11  $+33.40     ++
2025-12  $+173.05    +++++++++++
2026-01  $+169.92    +++++++++++
2026-02  $+385.80    +++++++++++++++++++++++++
2026-03  $-15.12     -
2026-04  $+12.35
2026-05  $-80.37     -----

========================================================================
  TOP 5 TRADES
========================================================================
  #  Open              Dir    Pattern              Entry     Exit      P&L       Status
---  ----------------  -----  -------------------  --------  --------  --------  --------
 96  2026-02-24 13:00  BUY    BB_RSI_REVERSAL_BUY  $5132.55  $5260.90  $+387.30  WIN
 84  2025-11-10 14:00  BUY    EMA_MACD_TREND_BUY   $4091.65  $4162.42  $+357.60  WIN
 82  2025-10-17 16:00  BUY    BB_RSI_REVERSAL_BUY  $4217.05  $4394.18  $+355.76  WIN
 88  2025-11-25 10:00  BUY    EMA_MACD_TREND_BUY   $4165.55  $4282.44  $+352.92  WIN
 93  2026-01-08 20:00  BUY    EMA_MACD_TREND_BUY   $4485.35  $4568.74  $+336.56  WIN

========================================================================
  BOTTOM 5 TRADES
========================================================================
  #  Open              Dir    Pattern              Entry     Exit      P&L       Status
---  ----------------  -----  -------------------  --------  --------  --------  --------
105  2026-05-11 15:00  BUY    EMA_MACD_TREND_BUY   $4742.05  $4684.06  $-173.97  LOSS
 91  2025-12-29 08:00  BUY    BB_RSI_REVERSAL_BUY  $4481.35  $4421.66  $-179.07  LOSS
 99  2026-03-03 10:00  BUY    BB_RSI_REVERSAL_BUY  $5259.95  $5163.50  $-192.90  LOSS
 89  2025-12-01 09:00  BUY    EMA_MACD_TREND_BUY   $4284.55  $4182.81  $-203.48  LOSS
 83  2025-10-20 19:00  BUY    EMA_MACD_TREND_BUY   $4394.55  $4326.65  $-203.70  LOSS


========================================================================
  WALK-FORWARD VALIDATION  (70% train / 30% out-of-sample)
  Split point: 2025-09-29 08:00
========================================================================
               TRAIN       VAL (OOS)
-------------  ----------  -----------
Trades         74          32
Win rate       68.9%       62.5%
Net P&L        $+5,162.56  $+2,344.37
Profit factor  2.95        2.17
Max DD         5.1%        4.0%
Sharpe         7.13        5.90

Walk-forward OK — val Sharpe within acceptable range of train Sharpe.

Results saved to backtest_v2_results_be_htf.json
