========================================================================
  GOLD 1H BACKTEST v2  —  Improvements over v1:
  [1] 1H interval  -> full year of data (730 days available)
  [2] EMA200 trend filter -> no counter-trend trades
  [3] Session filter 08:00-21:00 UTC -> liquid hours only
  [4] R:R 2.0 (was 1.5) -> break-even drops from 40% to 33%
  [5] RSI thresholds 35/65 (was 40/60) -> cleaner entries
  [6] Max 2 consecutive losses/day -> drawdown protection
  [7] BB width percentile filter (< 25.0th pct blocked)
  [8] Spread/slippage model (2.5 pips / $0.25)
  [9] Daily-equity-curve Sharpe (replaces per-trade Sharpe)
  [10] Walk-forward split 70/30 train/val
  [11] ADX(14) filter: EMA_MACD_TREND_SELL needs ADX >= 25
  [12] BB_RSI lower confluence threshold (2/5)
  [13] Monthly drawdown brake (halve lot when month P&L < -$150)
  [HTF] 4H bias filter: BUY needs BULL, SELL needs BEAR (EMA50, 5-bar slope)
  Period: 2y (725 days)
========================================================================

Downloading GC=F 1H data (725 days)...
Bars: 11,171  |  2024-06-05 to 2026-05-29

Computing indicators...
Fetching HTF[4h] bars for bias computation...
HTF bias distribution: BULL=2211 (59%) BEAR=1199 (32%) NEUTRAL=293 (7%)  N=3703
Running bar-by-bar simulation...

Filter breakdown:
  volatile    : 143 bars skipped
  session     : 2,920 bars skipped
  daily       : 0 bars skipped
  rr          : 0 bars skipped
  trend       : 1,454 bars skipped
  consec      : 0 bars skipped
  bb_width    : 1,086 bars skipped
  adx         : 1,119 bars skipped
  ambiguous   : 0 (no same-bar SL+TP conflicts)

========================================================================
  GOLD 1H BACKTEST v2 RESULTS
  Data  : 2024-06-05  to  2026-05-29
  R:R   : 2.0  |  Break-even win rate: 33.3%
  Filters: EMA200 trend | Session 8:00-21:00 UTC | RSI 35/65
========================================================================
                    v1 (15m, 55d)    v2 (1H, 1yr)
------------------  ---------------  --------------
Total trades        181              96
Win rate            39.8%            55.2%
Gross P&L           $-235.93         $+8,276.34
Spread/slip cost    —                $223.10
Net P&L             —                $+8,053.24
Avg win             —                $255.94
Avg loss            —                $133.49
Profit factor       0.97             2.42
Max drawdown        18.9%            5.8%
Sharpe (daily eq.)  -0.99            2.81
Final equity        —                $18,053.24
Ambiguous bars      n/a              0 (none)

========================================================================
  DIRECTION BREAKDOWN
========================================================================
Dir      Trades    Wins  Win%    P&L
-----  --------  ------  ------  ----------
BUY          96      53  55%     $+8,053.24

========================================================================
  PATTERN BREAKDOWN
========================================================================
Pattern                Trades    Wins  Win%    Avg P&L    Total P&L
-------------------  --------  ------  ------  ---------  -----------  --
EMA_MACD_TREND_BUY         70      36  51%     $+72.80    $+5,095.94
BB_RSI_REVERSAL_BUY        25      17  68%     $+123.32   $+3,083.00
EMA_TREND_BUY               1       0  0%      $-125.70   $-125.70

========================================================================
  MONTHLY P&L
========================================================================
Month    P&L
-------  ----------  ----------------------------------------
2024-06  $-108.72    -------
2024-07  $+357.10    +++++++++++++++++++++++
2024-08  $+116.48    +++++++
2024-09  $-14.40
2024-10  $+420.89    ++++++++++++++++++++++++++++
2024-11  $+206.02    +++++++++++++
2024-12  $-210.06    --------------
2025-01  $+274.01    ++++++++++++++++++
2025-02  $+77.84     +++++
2025-03  $+961.38    ++++++++++++++++++++++++++++++++++++++++
2025-04  $+657.92    ++++++++++++++++++++++++++++++++++++++++
2025-05  $+135.80    +++++++++
2025-06  $-36.80     --
2025-07  $+118.63    +++++++
2025-08  $+508.00    +++++++++++++++++++++++++++++++++
2025-09  $+1,721.87  ++++++++++++++++++++++++++++++++++++++++
2025-10  $+1,765.38  ++++++++++++++++++++++++++++++++++++++++
2025-11  $+383.80    +++++++++++++++++++++++++
2025-12  $-178.37    -----------
2026-01  $+190.24    ++++++++++++
2026-02  $+385.80    +++++++++++++++++++++++++
2026-03  $-15.12     -
2026-04  $+402.39    ++++++++++++++++++++++++++
2026-05  $-66.84     ----

========================================================================
  TOP 5 TRADES
========================================================================
  #  Open              Dir    Pattern              Entry     Exit      P&L       Status
---  ----------------  -----  -------------------  --------  --------  --------  --------
 93  2026-04-02 18:00  BUY    EMA_MACD_TREND_BUY   $4695.45  $4890.22  $+391.04  WIN
 85  2026-01-05 09:00  BUY    EMA_MACD_TREND_BUY   $4446.15  $4542.94  $+390.16  WIN
 87  2026-02-24 13:00  BUY    BB_RSI_REVERSAL_BUY  $5132.55  $5260.90  $+387.30  WIN
 78  2025-11-10 14:00  BUY    EMA_MACD_TREND_BUY   $4091.65  $4162.42  $+357.60  WIN
 76  2025-10-17 16:00  BUY    BB_RSI_REVERSAL_BUY  $4217.05  $4394.18  $+355.76  WIN

========================================================================
  BOTTOM 5 TRADES
========================================================================
  #  Open              Dir    Pattern              Entry     Exit      P&L       Status
---  ----------------  -----  -------------------  --------  --------  --------  --------
 84  2025-12-29 08:00  BUY    BB_RSI_REVERSAL_BUY  $4481.35  $4421.66  $-179.07  LOSS
 90  2026-03-03 10:00  BUY    BB_RSI_REVERSAL_BUY  $5259.95  $5163.50  $-192.90  LOSS
 86  2026-01-12 09:00  BUY    EMA_MACD_TREND_BUY   $4599.65  $4550.67  $-195.92  LOSS
 82  2025-12-01 09:00  BUY    EMA_MACD_TREND_BUY   $4284.55  $4182.81  $-203.48  LOSS
 77  2025-10-20 19:00  BUY    EMA_MACD_TREND_BUY   $4394.55  $4326.65  $-203.70  LOSS


========================================================================
  WALK-FORWARD VALIDATION  (70% train / 30% out-of-sample)
  Split point: 2025-09-24 17:00
========================================================================
               TRAIN       VAL (OOS)
-------------  ----------  -----------
Trades         67          29
Win rate       55.2%       55.2%
Net P&L        $+4,903.86  $+3,149.38
Profit factor  2.40        2.45
Max DD         5.8%        2.6%
Sharpe         6.75        8.21

Walk-forward OK — val Sharpe within acceptable range of train Sharpe.

Results saved to backtest_v2_results_htf.json
